0 info it worked if it ends with ok
1 verbose cli [ '/usr/bin/node', '/usr/bin/npm', 'install', 'axios' ]
2 info using npm@3.5.2
3 info using node@v8.10.0
4 verbose config Skipping project config: /home/infotmt-user/.npmrc. (matches userconfig)
5 silly loadCurrentTree Starting
6 silly install loadCurrentTree
7 silly install readLocalPackageData
8 silly fetchPackageMetaData axios
9 silly fetchNamedPackageData axios
10 silly mapToRegistry name axios
11 silly mapToRegistry using default registry
12 silly mapToRegistry registry https://registry.npmjs.org/
13 silly mapToRegistry uri https://registry.npmjs.org/axios
14 verbose request uri https://registry.npmjs.org/axios
15 verbose request no auth needed
16 info attempt registry request try #1 at 12:59:42 PM
17 verbose request id 8a3d51ef6892237e
18 http request GET https://registry.npmjs.org/axios
19 http 200 https://registry.npmjs.org/axios
20 verbose headers { date: 'Mon, 11 Feb 2019 07:14:51 GMT',
20 verbose headers   'content-type': 'application/json',
20 verbose headers   'transfer-encoding': 'chunked',
20 verbose headers   connection: 'keep-alive',
20 verbose headers   'set-cookie':
20 verbose headers    [ '__cfduid=d59fe119654954996d2996f410d70b2bd1549869291; expires=Tue, 11-Feb-20 07:14:51 GMT; path=/; domain=.registry.npmjs.org; HttpOnly' ],
20 verbose headers   'cf-cache-status': 'HIT',
20 verbose headers   'cache-control': 'max-age=300',
20 verbose headers   'cf-ray': '4a75055ce853a74b-KTM',
20 verbose headers   etag: 'W/"7c6db365f56203e33bbfe4e50f2cbe76"',
20 verbose headers   'expect-ct': 'max-age=604800, report-uri="https://report-uri.cloudflare.com/cdn-cgi/beacon/expect-ct"',
20 verbose headers   'last-modified': 'Fri, 08 Feb 2019 13:41:22 GMT',
20 verbose headers   vary: 'accept-encoding, accept',
20 verbose headers   'x-amz-meta-rev': '672-dc0926efd228a5ae6450e102cba94a2c',
20 verbose headers   server: 'cloudflare',
20 verbose headers   'content-encoding': 'gzip' }
21 silly get cb [ 200,
21 silly get   { date: 'Mon, 11 Feb 2019 07:14:51 GMT',
21 silly get     'content-type': 'application/json',
21 silly get     'transfer-encoding': 'chunked',
21 silly get     connection: 'keep-alive',
21 silly get     'set-cookie':
21 silly get      [ '__cfduid=d59fe119654954996d2996f410d70b2bd1549869291; expires=Tue, 11-Feb-20 07:14:51 GMT; path=/; domain=.registry.npmjs.org; HttpOnly' ],
21 silly get     'cf-cache-status': 'HIT',
21 silly get     'cache-control': 'max-age=300',
21 silly get     'cf-ray': '4a75055ce853a74b-KTM',
21 silly get     etag: 'W/"7c6db365f56203e33bbfe4e50f2cbe76"',
21 silly get     'expect-ct': 'max-age=604800, report-uri="https://report-uri.cloudflare.com/cdn-cgi/beacon/expect-ct"',
21 silly get     'last-modified': 'Fri, 08 Feb 2019 13:41:22 GMT',
21 silly get     vary: 'accept-encoding, accept',
21 silly get     'x-amz-meta-rev': '672-dc0926efd228a5ae6450e102cba94a2c',
21 silly get     server: 'cloudflare',
21 silly get     'content-encoding': 'gzip' } ]
22 verbose get saving axios to /home/infotmt-user/.npm/registry.npmjs.org/axios/.cache.json
23 silly install normalizeTree
24 silly loadCurrentTree Finishing
25 silly loadIdealTree Starting
26 silly install loadIdealTree
27 silly cloneCurrentTree Starting
28 silly install cloneCurrentTreeToIdealTree
29 silly cloneCurrentTree Finishing
30 silly loadShrinkwrap Starting
31 silly install loadShrinkwrap
32 silly loadShrinkwrap Finishing
33 silly loadAllDepsIntoIdealTree Starting
34 silly install loadAllDepsIntoIdealTree
35 silly resolveWithNewModule axios@0.18.0 checking installable status
36 silly cache add args [ 'axios', null ]
37 verbose cache add spec axios
38 silly cache add parsed spec Result {
38 silly cache add   raw: 'axios',
38 silly cache add   scope: null,
38 silly cache add   name: 'axios',
38 silly cache add   rawSpec: '',
38 silly cache add   spec: 'latest',
38 silly cache add   type: 'tag' }
39 silly addNamed axios@latest
40 verbose addNamed "latest" is being treated as a dist-tag for axios
41 info addNameTag [ 'axios', 'latest' ]
42 silly mapToRegistry name axios
43 silly mapToRegistry using default registry
44 silly mapToRegistry registry https://registry.npmjs.org/
45 silly mapToRegistry uri https://registry.npmjs.org/axios
46 verbose addNameTag registry:https://registry.npmjs.org/axios not in flight; fetching
47 verbose get https://registry.npmjs.org/axios not expired, no request
48 silly addNameTag next cb for axios with tag latest
49 silly addNamed axios@0.18.0
50 verbose addNamed "0.18.0" is a plain semver version for axios
51 silly mapToRegistry name axios
52 silly mapToRegistry using default registry
53 silly mapToRegistry registry https://registry.npmjs.org/
54 silly mapToRegistry uri https://registry.npmjs.org/axios
55 verbose addRemoteTarball https://registry.npmjs.org/axios/-/axios-0.18.0.tgz not in flight; adding
56 verbose addRemoteTarball [ 'https://registry.npmjs.org/axios/-/axios-0.18.0.tgz',
56 verbose addRemoteTarball   '32d53e4851efdc0a11993b6cd000789d70c05102' ]
57 info retry fetch attempt 1 at 12:59:42 PM
58 info attempt registry request try #1 at 12:59:42 PM
59 http fetch GET https://registry.npmjs.org/axios/-/axios-0.18.0.tgz
60 http fetch 200 https://registry.npmjs.org/axios/-/axios-0.18.0.tgz
61 silly fetchAndShaCheck shasum 32d53e4851efdc0a11993b6cd000789d70c05102
62 verbose addTmpTarball /tmp/npm-17479-635c3b33/registry.npmjs.org/axios/-/axios-0.18.0.tgz not in flight; adding
63 verbose addTmpTarball already have metadata; skipping unpack for axios@0.18.0
64 silly cache afterAdd axios@0.18.0
65 verbose afterAdd /home/infotmt-user/.npm/axios/0.18.0/package/package.json not in flight; writing
66 verbose afterAdd /home/infotmt-user/.npm/axios/0.18.0/package/package.json written
67 silly fetchNamedPackageData follow-redirects
68 silly mapToRegistry name follow-redirects
69 silly mapToRegistry using default registry
70 silly mapToRegistry registry https://registry.npmjs.org/
71 silly mapToRegistry uri https://registry.npmjs.org/follow-redirects
72 silly fetchNamedPackageData is-buffer
73 silly mapToRegistry name is-buffer
74 silly mapToRegistry using default registry
75 silly mapToRegistry registry https://registry.npmjs.org/
76 silly mapToRegistry uri https://registry.npmjs.org/is-buffer
77 verbose request uri https://registry.npmjs.org/is-buffer
78 verbose request no auth needed
79 info attempt registry request try #1 at 12:59:42 PM
80 verbose etag W/"e72489e8a0cbb1ba2e62b1f5b1002dac"
81 verbose lastModified Sat, 09 Jun 2018 23:15:24 GMT
82 http request GET https://registry.npmjs.org/is-buffer
83 verbose request uri https://registry.npmjs.org/follow-redirects
84 verbose request no auth needed
85 info attempt registry request try #1 at 12:59:42 PM
86 verbose etag W/"ff0f340cd5c0678b43fa722c345a79c3"
87 verbose lastModified Thu, 03 Jan 2019 21:58:42 GMT
88 http request GET https://registry.npmjs.org/follow-redirects
89 http 304 https://registry.npmjs.org/is-buffer
90 verbose headers { date: 'Mon, 11 Feb 2019 07:14:51 GMT',
90 verbose headers   connection: 'keep-alive',
90 verbose headers   'set-cookie':
90 verbose headers    [ '__cfduid=d59fe119654954996d2996f410d70b2bd1549869291; expires=Tue, 11-Feb-20 07:14:51 GMT; path=/; domain=.registry.npmjs.org; HttpOnly' ],
90 verbose headers   'cf-cache-status': 'HIT',
90 verbose headers   'cache-control': 'max-age=300',
90 verbose headers   'cf-ray': '4a75055ee8dea74b-KTM',
90 verbose headers   etag: '"e72489e8a0cbb1ba2e62b1f5b1002dac"',
90 verbose headers   'expect-ct': 'max-age=604800, report-uri="https://report-uri.cloudflare.com/cdn-cgi/beacon/expect-ct"',
90 verbose headers   'last-modified': 'Sat, 09 Jun 2018 23:15:24 GMT',
90 verbose headers   vary: 'accept-encoding, accept',
90 verbose headers   server: 'cloudflare' }
91 silly get cb [ 304,
91 silly get   { date: 'Mon, 11 Feb 2019 07:14:51 GMT',
91 silly get     connection: 'keep-alive',
91 silly get     'set-cookie':
91 silly get      [ '__cfduid=d59fe119654954996d2996f410d70b2bd1549869291; expires=Tue, 11-Feb-20 07:14:51 GMT; path=/; domain=.registry.npmjs.org; HttpOnly' ],
91 silly get     'cf-cache-status': 'HIT',
91 silly get     'cache-control': 'max-age=300',
91 silly get     'cf-ray': '4a75055ee8dea74b-KTM',
91 silly get     etag: '"e72489e8a0cbb1ba2e62b1f5b1002dac"',
91 silly get     'expect-ct': 'max-age=604800, report-uri="https://report-uri.cloudflare.com/cdn-cgi/beacon/expect-ct"',
91 silly get     'last-modified': 'Sat, 09 Jun 2018 23:15:24 GMT',
91 silly get     vary: 'accept-encoding, accept',
91 silly get     server: 'cloudflare' } ]
92 verbose etag https://registry.npmjs.org/is-buffer from cache
93 verbose get saving is-buffer to /home/infotmt-user/.npm/registry.npmjs.org/is-buffer/.cache.json
94 silly resolveWithNewModule is-buffer@1.1.6 checking installable status
95 silly cache add args [ 'is-buffer@^1.1.5', null ]
96 verbose cache add spec is-buffer@^1.1.5
97 silly cache add parsed spec Result {
97 silly cache add   raw: 'is-buffer@^1.1.5',
97 silly cache add   scope: null,
97 silly cache add   name: 'is-buffer',
97 silly cache add   rawSpec: '^1.1.5',
97 silly cache add   spec: '>=1.1.5 <2.0.0',
97 silly cache add   type: 'range' }
98 silly addNamed is-buffer@>=1.1.5 <2.0.0
99 verbose addNamed ">=1.1.5 <2.0.0" is a valid semver range for is-buffer
100 silly addNameRange { name: 'is-buffer', range: '>=1.1.5 <2.0.0', hasData: false }
101 silly mapToRegistry name is-buffer
102 silly mapToRegistry using default registry
103 silly mapToRegistry registry https://registry.npmjs.org/
104 silly mapToRegistry uri https://registry.npmjs.org/is-buffer
105 verbose addNameRange registry:https://registry.npmjs.org/is-buffer not in flight; fetching
106 verbose get https://registry.npmjs.org/is-buffer not expired, no request
107 silly addNameRange number 2 { name: 'is-buffer', range: '>=1.1.5 <2.0.0', hasData: true }
108 silly addNameRange versions [ 'is-buffer',
108 silly addNameRange   [ '1.0.0',
108 silly addNameRange     '1.0.1',
108 silly addNameRange     '1.0.2',
108 silly addNameRange     '1.1.0',
108 silly addNameRange     '1.1.1',
108 silly addNameRange     '1.1.2',
108 silly addNameRange     '1.1.3',
108 silly addNameRange     '1.1.4',
108 silly addNameRange     '1.1.5',
108 silly addNameRange     '1.1.6',
108 silly addNameRange     '2.0.0',
108 silly addNameRange     '2.0.1',
108 silly addNameRange     '2.0.2',
108 silly addNameRange     '2.0.3' ] ]
109 silly addNamed is-buffer@1.1.6
110 verbose addNamed "1.1.6" is a plain semver version for is-buffer
111 http 304 https://registry.npmjs.org/follow-redirects
112 verbose headers { date: 'Mon, 11 Feb 2019 07:14:51 GMT',
112 verbose headers   connection: 'keep-alive',
112 verbose headers   'set-cookie':
112 verbose headers    [ '__cfduid=de4f8c1a8aeded1d00d3951a608f1318b1549869291; expires=Tue, 11-Feb-20 07:14:51 GMT; path=/; domain=.registry.npmjs.org; HttpOnly' ],
112 verbose headers   'cf-cache-status': 'HIT',
112 verbose headers   'cache-control': 'max-age=300',
112 verbose headers   'cf-ray': '4a75055efe71a757-KTM',
112 verbose headers   etag: '"ff0f340cd5c0678b43fa722c345a79c3"',
112 verbose headers   'expect-ct': 'max-age=604800, report-uri="https://report-uri.cloudflare.com/cdn-cgi/beacon/expect-ct"',
112 verbose headers   'last-modified': 'Thu, 03 Jan 2019 21:58:42 GMT',
112 verbose headers   vary: 'accept-encoding, accept',
112 verbose headers   'x-amz-meta-rev': '54-a2ac49e46a605261c13be1560c87ea9a',
112 verbose headers   server: 'cloudflare' }
113 silly get cb [ 304,
113 silly get   { date: 'Mon, 11 Feb 2019 07:14:51 GMT',
113 silly get     connection: 'keep-alive',
113 silly get     'set-cookie':
113 silly get      [ '__cfduid=de4f8c1a8aeded1d00d3951a608f1318b1549869291; expires=Tue, 11-Feb-20 07:14:51 GMT; path=/; domain=.registry.npmjs.org; HttpOnly' ],
113 silly get     'cf-cache-status': 'HIT',
113 silly get     'cache-control': 'max-age=300',
113 silly get     'cf-ray': '4a75055efe71a757-KTM',
113 silly get     etag: '"ff0f340cd5c0678b43fa722c345a79c3"',
113 silly get     'expect-ct': 'max-age=604800, report-uri="https://report-uri.cloudflare.com/cdn-cgi/beacon/expect-ct"',
113 silly get     'last-modified': 'Thu, 03 Jan 2019 21:58:42 GMT',
113 silly get     vary: 'accept-encoding, accept',
113 silly get     'x-amz-meta-rev': '54-a2ac49e46a605261c13be1560c87ea9a',
113 silly get     server: 'cloudflare' } ]
114 verbose etag https://registry.npmjs.org/follow-redirects from cache
115 verbose get saving follow-redirects to /home/infotmt-user/.npm/registry.npmjs.org/follow-redirects/.cache.json
116 silly resolveWithNewModule follow-redirects@1.6.1 checking installable status
117 silly cache add args [ 'follow-redirects@^1.3.0', null ]
118 verbose cache add spec follow-redirects@^1.3.0
119 silly cache add parsed spec Result {
119 silly cache add   raw: 'follow-redirects@^1.3.0',
119 silly cache add   scope: null,
119 silly cache add   name: 'follow-redirects',
119 silly cache add   rawSpec: '^1.3.0',
119 silly cache add   spec: '>=1.3.0 <2.0.0',
119 silly cache add   type: 'range' }
120 silly addNamed follow-redirects@>=1.3.0 <2.0.0
121 verbose addNamed ">=1.3.0 <2.0.0" is a valid semver range for follow-redirects
122 silly addNameRange { name: 'follow-redirects',
122 silly addNameRange   range: '>=1.3.0 <2.0.0',
122 silly addNameRange   hasData: false }
123 silly mapToRegistry name follow-redirects
124 silly mapToRegistry using default registry
125 silly mapToRegistry registry https://registry.npmjs.org/
126 silly mapToRegistry uri https://registry.npmjs.org/follow-redirects
127 verbose addNameRange registry:https://registry.npmjs.org/follow-redirects not in flight; fetching
128 silly cache afterAdd is-buffer@1.1.6
129 verbose afterAdd /home/infotmt-user/.npm/is-buffer/1.1.6/package/package.json not in flight; writing
130 verbose get https://registry.npmjs.org/follow-redirects not expired, no request
131 silly addNameRange number 2 { name: 'follow-redirects',
131 silly addNameRange   range: '>=1.3.0 <2.0.0',
131 silly addNameRange   hasData: true }
132 silly addNameRange versions [ 'follow-redirects',
132 silly addNameRange   [ '0.0.1',
132 silly addNameRange     '0.0.2',
132 silly addNameRange     '0.0.3',
132 silly addNameRange     '0.0.4',
132 silly addNameRange     '0.0.5',
132 silly addNameRange     '0.0.6',
132 silly addNameRange     '0.0.7',
132 silly addNameRange     '0.1.0',
132 silly addNameRange     '0.2.0',
132 silly addNameRange     '0.3.0',
132 silly addNameRange     '1.0.0',
132 silly addNameRange     '1.1.0',
132 silly addNameRange     '1.2.0',
132 silly addNameRange     '1.2.1',
132 silly addNameRange     '1.2.2',
132 silly addNameRange     '1.2.3',
132 silly addNameRange     '1.2.4',
132 silly addNameRange     '1.2.5',
132 silly addNameRange     '1.2.6',
132 silly addNameRange     '1.3.0',
132 silly addNameRange     '1.4.0',
132 silly addNameRange     '1.4.1',
132 silly addNameRange     '1.5.0',
132 silly addNameRange     '1.5.1',
132 silly addNameRange     '1.5.2',
132 silly addNameRange     '1.5.3',
132 silly addNameRange     '1.5.4',
132 silly addNameRange     '1.5.5',
132 silly addNameRange     '1.5.6',
132 silly addNameRange     '1.5.7',
132 silly addNameRange     '1.5.8',
132 silly addNameRange     '1.5.9',
132 silly addNameRange     '1.5.10',
132 silly addNameRange     '1.6.0',
132 silly addNameRange     '1.6.1' ] ]
133 silly addNamed follow-redirects@1.6.1
134 verbose addNamed "1.6.1" is a plain semver version for follow-redirects
135 verbose afterAdd /home/infotmt-user/.npm/is-buffer/1.1.6/package/package.json written
136 silly cache afterAdd follow-redirects@1.6.1
137 verbose afterAdd /home/infotmt-user/.npm/follow-redirects/1.6.1/package/package.json not in flight; writing
138 verbose afterAdd /home/infotmt-user/.npm/follow-redirects/1.6.1/package/package.json written
139 silly fetchNamedPackageData debug
140 silly mapToRegistry name debug
141 silly mapToRegistry using default registry
142 silly mapToRegistry registry https://registry.npmjs.org/
143 silly mapToRegistry uri https://registry.npmjs.org/debug
144 verbose request uri https://registry.npmjs.org/debug
145 verbose request no auth needed
146 info attempt registry request try #1 at 12:59:42 PM
147 verbose etag W/"0a47fdeda4821c3cabdc036d59d85ba1"
148 verbose lastModified Wed, 02 Jan 2019 20:03:23 GMT
149 http request GET https://registry.npmjs.org/debug
150 http 304 https://registry.npmjs.org/debug
151 verbose headers { date: 'Mon, 11 Feb 2019 07:14:51 GMT',
151 verbose headers   connection: 'keep-alive',
151 verbose headers   'set-cookie':
151 verbose headers    [ '__cfduid=d59fe119654954996d2996f410d70b2bd1549869291; expires=Tue, 11-Feb-20 07:14:51 GMT; path=/; domain=.registry.npmjs.org; HttpOnly' ],
151 verbose headers   'cf-cache-status': 'HIT',
151 verbose headers   'cache-control': 'max-age=300',
151 verbose headers   'cf-ray': '4a75055f6903a74b-KTM',
151 verbose headers   etag: '"0a47fdeda4821c3cabdc036d59d85ba1"',
151 verbose headers   'expect-ct': 'max-age=604800, report-uri="https://report-uri.cloudflare.com/cdn-cgi/beacon/expect-ct"',
151 verbose headers   'last-modified': 'Wed, 02 Jan 2019 20:03:23 GMT',
151 verbose headers   vary: 'accept-encoding, accept',
151 verbose headers   'x-amz-meta-rev': '901-d5a7726a6c12fb5b68b86f9674681f93',
151 verbose headers   server: 'cloudflare' }
152 silly get cb [ 304,
152 silly get   { date: 'Mon, 11 Feb 2019 07:14:51 GMT',
152 silly get     connection: 'keep-alive',
152 silly get     'set-cookie':
152 silly get      [ '__cfduid=d59fe119654954996d2996f410d70b2bd1549869291; expires=Tue, 11-Feb-20 07:14:51 GMT; path=/; domain=.registry.npmjs.org; HttpOnly' ],
152 silly get     'cf-cache-status': 'HIT',
152 silly get     'cache-control': 'max-age=300',
152 silly get     'cf-ray': '4a75055f6903a74b-KTM',
152 silly get     etag: '"0a47fdeda4821c3cabdc036d59d85ba1"',
152 silly get     'expect-ct': 'max-age=604800, report-uri="https://report-uri.cloudflare.com/cdn-cgi/beacon/expect-ct"',
152 silly get     'last-modified': 'Wed, 02 Jan 2019 20:03:23 GMT',
152 silly get     vary: 'accept-encoding, accept',
152 silly get     'x-amz-meta-rev': '901-d5a7726a6c12fb5b68b86f9674681f93',
152 silly get     server: 'cloudflare' } ]
153 verbose etag https://registry.npmjs.org/debug from cache
154 verbose get saving debug to /home/infotmt-user/.npm/registry.npmjs.org/debug/.cache.json
155 silly resolveWithNewModule debug@3.1.0 checking installable status
156 silly cache add args [ 'debug@=3.1.0', null ]
157 verbose cache add spec debug@=3.1.0
158 silly cache add parsed spec Result {
158 silly cache add   raw: 'debug@=3.1.0',
158 silly cache add   scope: null,
158 silly cache add   name: 'debug',
158 silly cache add   rawSpec: '=3.1.0',
158 silly cache add   spec: '3.1.0',
158 silly cache add   type: 'version' }
159 silly addNamed debug@3.1.0
160 verbose addNamed "3.1.0" is a plain semver version for debug
161 silly mapToRegistry name debug
162 silly mapToRegistry using default registry
163 silly mapToRegistry registry https://registry.npmjs.org/
164 silly mapToRegistry uri https://registry.npmjs.org/debug
165 verbose addNameVersion registry:https://registry.npmjs.org/debug not in flight; fetching
166 verbose get https://registry.npmjs.org/debug not expired, no request
167 silly cache afterAdd debug@3.1.0
168 verbose afterAdd /home/infotmt-user/.npm/debug/3.1.0/package/package.json not in flight; writing
169 verbose afterAdd /home/infotmt-user/.npm/debug/3.1.0/package/package.json written
170 silly loadAllDepsIntoIdealTree Finishing
171 silly idealTree:prePrune infotmt-user
171 silly idealTree:prePrune ├── @zeit/schemas@2.6.0
171 silly idealTree:prePrune ├── accepts@1.3.5
171 silly idealTree:prePrune ├── ajv@6.5.3
171 silly idealTree:prePrune ├── ansi-align@2.0.0
171 silly idealTree:prePrune ├── ansi-regex@3.0.0
171 silly idealTree:prePrune ├── ansi-styles@3.2.1
171 silly idealTree:prePrune ├── arch@2.1.1
171 silly idealTree:prePrune ├── arg@2.0.0
171 silly idealTree:prePrune ├── axios@0.18.0
171 silly idealTree:prePrune ├── balanced-match@1.0.0
171 silly idealTree:prePrune ├── boxen@1.3.0
171 silly idealTree:prePrune ├── brace-expansion@1.1.11
171 silly idealTree:prePrune ├── bytes@3.0.0
171 silly idealTree:prePrune ├── camelcase@4.1.0
171 silly idealTree:prePrune ├── chalk@2.4.1
171 silly idealTree:prePrune ├── cli-boxes@1.0.0
171 silly idealTree:prePrune ├─┬ clipboardy@1.2.3
171 silly idealTree:prePrune │ └── execa@0.8.0
171 silly idealTree:prePrune ├── color-convert@1.9.3
171 silly idealTree:prePrune ├── color-name@1.1.3
171 silly idealTree:prePrune ├── compressible@2.0.15
171 silly idealTree:prePrune ├── compression@1.7.3
171 silly idealTree:prePrune ├── concat-map@0.0.1
171 silly idealTree:prePrune ├── content-disposition@0.5.2
171 silly idealTree:prePrune ├── cross-spawn@5.1.0
171 silly idealTree:prePrune ├── debug@2.6.9
171 silly idealTree:prePrune ├── deep-extend@0.6.0
171 silly idealTree:prePrune ├── escape-string-regexp@1.0.5
171 silly idealTree:prePrune ├── execa@0.7.0
171 silly idealTree:prePrune ├── fast-deep-equal@2.0.1
171 silly idealTree:prePrune ├── fast-json-stable-stringify@2.0.0
171 silly idealTree:prePrune ├─┬ fast-url-parser@1.1.3
171 silly idealTree:prePrune │ └── punycode@1.4.1
171 silly idealTree:prePrune ├─┬ follow-redirects@1.6.1
171 silly idealTree:prePrune │ └── debug@3.1.0
171 silly idealTree:prePrune ├── get-stream@3.0.0
171 silly idealTree:prePrune ├── has-flag@3.0.0
171 silly idealTree:prePrune ├── ini@1.3.5
171 silly idealTree:prePrune ├── is-buffer@1.1.6
171 silly idealTree:prePrune ├── is-fullwidth-code-point@2.0.0
171 silly idealTree:prePrune ├── is-stream@1.1.0
171 silly idealTree:prePrune ├── isexe@2.0.0
171 silly idealTree:prePrune ├── json-schema-traverse@0.4.1
171 silly idealTree:prePrune ├── lru-cache@4.1.5
171 silly idealTree:prePrune ├── mime-db@1.37.0
171 silly idealTree:prePrune ├── mime-types@2.1.21
171 silly idealTree:prePrune ├── minimatch@3.0.4
171 silly idealTree:prePrune ├── minimist@1.2.0
171 silly idealTree:prePrune ├── ms@2.0.0
171 silly idealTree:prePrune ├── negotiator@0.6.1
171 silly idealTree:prePrune ├── npm-run-path@2.0.2
171 silly idealTree:prePrune ├── on-headers@1.0.1
171 silly idealTree:prePrune ├── p-finally@1.0.0
171 silly idealTree:prePrune ├── path-is-inside@1.0.2
171 silly idealTree:prePrune ├── path-key@2.0.1
171 silly idealTree:prePrune ├── path-to-regexp@2.2.1
171 silly idealTree:prePrune ├── pseudomap@1.0.2
171 silly idealTree:prePrune ├── punycode@2.1.1
171 silly idealTree:prePrune ├── range-parser@1.2.0
171 silly idealTree:prePrune ├── rc@1.2.8
171 silly idealTree:prePrune ├── registry-auth-token@3.3.2
171 silly idealTree:prePrune ├── registry-url@3.1.0
171 silly idealTree:prePrune ├── safe-buffer@5.1.2
171 silly idealTree:prePrune ├─┬ serve-handler@5.0.7
171 silly idealTree:prePrune │ ├── mime-db@1.33.0
171 silly idealTree:prePrune │ └── mime-types@2.1.18
171 silly idealTree:prePrune ├── serve@10.1.1
171 silly idealTree:prePrune ├── shebang-command@1.2.0
171 silly idealTree:prePrune ├── shebang-regex@1.0.0
171 silly idealTree:prePrune ├── signal-exit@3.0.2
171 silly idealTree:prePrune ├── string-width@2.1.1
171 silly idealTree:prePrune ├── strip-ansi@4.0.0
171 silly idealTree:prePrune ├── strip-eof@1.0.0
171 silly idealTree:prePrune ├── strip-json-comments@2.0.1
171 silly idealTree:prePrune ├── supports-color@5.5.0
171 silly idealTree:prePrune ├── term-size@1.2.0
171 silly idealTree:prePrune ├── update-check@1.5.2
171 silly idealTree:prePrune ├── uri-js@4.2.2
171 silly idealTree:prePrune ├── vary@1.1.2
171 silly idealTree:prePrune ├── which@1.3.1
171 silly idealTree:prePrune ├── widest-line@2.0.1
171 silly idealTree:prePrune └── yallist@2.1.2
172 silly loadIdealTree Finishing
173 silly currentTree infotmt-user
173 silly currentTree ├── @zeit/schemas@2.6.0
173 silly currentTree ├── accepts@1.3.5
173 silly currentTree ├── ajv@6.5.3
173 silly currentTree ├── ansi-align@2.0.0
173 silly currentTree ├── ansi-regex@3.0.0
173 silly currentTree ├── ansi-styles@3.2.1
173 silly currentTree ├── arch@2.1.1
173 silly currentTree ├── arg@2.0.0
173 silly currentTree ├── balanced-match@1.0.0
173 silly currentTree ├── boxen@1.3.0
173 silly currentTree ├── brace-expansion@1.1.11
173 silly currentTree ├── bytes@3.0.0
173 silly currentTree ├── camelcase@4.1.0
173 silly currentTree ├── chalk@2.4.1
173 silly currentTree ├── cli-boxes@1.0.0
173 silly currentTree ├─┬ clipboardy@1.2.3
173 silly currentTree │ └── execa@0.8.0
173 silly currentTree ├── color-convert@1.9.3
173 silly currentTree ├── color-name@1.1.3
173 silly currentTree ├── compressible@2.0.15
173 silly currentTree ├── compression@1.7.3
173 silly currentTree ├── concat-map@0.0.1
173 silly currentTree ├── content-disposition@0.5.2
173 silly currentTree ├── cross-spawn@5.1.0
173 silly currentTree ├── debug@2.6.9
173 silly currentTree ├── deep-extend@0.6.0
173 silly currentTree ├── escape-string-regexp@1.0.5
173 silly currentTree ├── execa@0.7.0
173 silly currentTree ├── fast-deep-equal@2.0.1
173 silly currentTree ├── fast-json-stable-stringify@2.0.0
173 silly currentTree ├─┬ fast-url-parser@1.1.3
173 silly currentTree │ └── punycode@1.4.1
173 silly currentTree ├── get-stream@3.0.0
173 silly currentTree ├── has-flag@3.0.0
173 silly currentTree ├── ini@1.3.5
173 silly currentTree ├── is-fullwidth-code-point@2.0.0
173 silly currentTree ├── is-stream@1.1.0
173 silly currentTree ├── isexe@2.0.0
173 silly currentTree ├── json-schema-traverse@0.4.1
173 silly currentTree ├── lru-cache@4.1.5
173 silly currentTree ├── mime-db@1.37.0
173 silly currentTree ├── mime-types@2.1.21
173 silly currentTree ├── minimatch@3.0.4
173 silly currentTree ├── minimist@1.2.0
173 silly currentTree ├── ms@2.0.0
173 silly currentTree ├── negotiator@0.6.1
173 silly currentTree ├── npm-run-path@2.0.2
173 silly currentTree ├── on-headers@1.0.1
173 silly currentTree ├── p-finally@1.0.0
173 silly currentTree ├── path-is-inside@1.0.2
173 silly currentTree ├── path-key@2.0.1
173 silly currentTree ├── path-to-regexp@2.2.1
173 silly currentTree ├── pseudomap@1.0.2
173 silly currentTree ├── punycode@2.1.1
173 silly currentTree ├── range-parser@1.2.0
173 silly currentTree ├── rc@1.2.8
173 silly currentTree ├── registry-auth-token@3.3.2
173 silly currentTree ├── registry-url@3.1.0
173 silly currentTree ├── safe-buffer@5.1.2
173 silly currentTree ├─┬ serve-handler@5.0.7
173 silly currentTree │ ├── mime-db@1.33.0
173 silly currentTree │ └── mime-types@2.1.18
173 silly currentTree ├── serve@10.1.1
173 silly currentTree ├── shebang-command@1.2.0
173 silly currentTree ├── shebang-regex@1.0.0
173 silly currentTree ├── signal-exit@3.0.2
173 silly currentTree ├── string-width@2.1.1
173 silly currentTree ├── strip-ansi@4.0.0
173 silly currentTree ├── strip-eof@1.0.0
173 silly currentTree ├── strip-json-comments@2.0.1
173 silly currentTree ├── supports-color@5.5.0
173 silly currentTree ├── term-size@1.2.0
173 silly currentTree ├── update-check@1.5.2
173 silly currentTree ├── uri-js@4.2.2
173 silly currentTree ├── vary@1.1.2
173 silly currentTree ├── which@1.3.1
173 silly currentTree ├── widest-line@2.0.1
173 silly currentTree └── yallist@2.1.2
174 silly idealTree infotmt-user
174 silly idealTree ├── @zeit/schemas@2.6.0
174 silly idealTree ├── accepts@1.3.5
174 silly idealTree ├── ajv@6.5.3
174 silly idealTree ├── ansi-align@2.0.0
174 silly idealTree ├── ansi-regex@3.0.0
174 silly idealTree ├── ansi-styles@3.2.1
174 silly idealTree ├── arch@2.1.1
174 silly idealTree ├── arg@2.0.0
174 silly idealTree ├── axios@0.18.0
174 silly idealTree ├── balanced-match@1.0.0
174 silly idealTree ├── boxen@1.3.0
174 silly idealTree ├── brace-expansion@1.1.11
174 silly idealTree ├── bytes@3.0.0
174 silly idealTree ├── camelcase@4.1.0
174 silly idealTree ├── chalk@2.4.1
174 silly idealTree ├── cli-boxes@1.0.0
174 silly idealTree ├─┬ clipboardy@1.2.3
174 silly idealTree │ └── execa@0.8.0
174 silly idealTree ├── color-convert@1.9.3
174 silly idealTree ├── color-name@1.1.3
174 silly idealTree ├── compressible@2.0.15
174 silly idealTree ├── compression@1.7.3
174 silly idealTree ├── concat-map@0.0.1
174 silly idealTree ├── content-disposition@0.5.2
174 silly idealTree ├── cross-spawn@5.1.0
174 silly idealTree ├── debug@2.6.9
174 silly idealTree ├── deep-extend@0.6.0
174 silly idealTree ├── escape-string-regexp@1.0.5
174 silly idealTree ├── execa@0.7.0
174 silly idealTree ├── fast-deep-equal@2.0.1
174 silly idealTree ├── fast-json-stable-stringify@2.0.0
174 silly idealTree ├─┬ fast-url-parser@1.1.3
174 silly idealTree │ └── punycode@1.4.1
174 silly idealTree ├─┬ follow-redirects@1.6.1
174 silly idealTree │ └── debug@3.1.0
174 silly idealTree ├── get-stream@3.0.0
174 silly idealTree ├── has-flag@3.0.0
174 silly idealTree ├── ini@1.3.5
174 silly idealTree ├── is-buffer@1.1.6
174 silly idealTree ├── is-fullwidth-code-point@2.0.0
174 silly idealTree ├── is-stream@1.1.0
174 silly idealTree ├── isexe@2.0.0
174 silly idealTree ├── json-schema-traverse@0.4.1
174 silly idealTree ├── lru-cache@4.1.5
174 silly idealTree ├── mime-db@1.37.0
174 silly idealTree ├── mime-types@2.1.21
174 silly idealTree ├── minimatch@3.0.4
174 silly idealTree ├── minimist@1.2.0
174 silly idealTree ├── ms@2.0.0
174 silly idealTree ├── negotiator@0.6.1
174 silly idealTree ├── npm-run-path@2.0.2
174 silly idealTree ├── on-headers@1.0.1
174 silly idealTree ├── p-finally@1.0.0
174 silly idealTree ├── path-is-inside@1.0.2
174 silly idealTree ├── path-key@2.0.1
174 silly idealTree ├── path-to-regexp@2.2.1
174 silly idealTree ├── pseudomap@1.0.2
174 silly idealTree ├── punycode@2.1.1
174 silly idealTree ├── range-parser@1.2.0
174 silly idealTree ├── rc@1.2.8
174 silly idealTree ├── registry-auth-token@3.3.2
174 silly idealTree ├── registry-url@3.1.0
174 silly idealTree ├── safe-buffer@5.1.2
174 silly idealTree ├─┬ serve-handler@5.0.7
174 silly idealTree │ ├── mime-db@1.33.0
174 silly idealTree │ └── mime-types@2.1.18
174 silly idealTree ├── serve@10.1.1
174 silly idealTree ├── shebang-command@1.2.0
174 silly idealTree ├── shebang-regex@1.0.0
174 silly idealTree ├── signal-exit@3.0.2
174 silly idealTree ├── string-width@2.1.1
174 silly idealTree ├── strip-ansi@4.0.0
174 silly idealTree ├── strip-eof@1.0.0
174 silly idealTree ├── strip-json-comments@2.0.1
174 silly idealTree ├── supports-color@5.5.0
174 silly idealTree ├── term-size@1.2.0
174 silly idealTree ├── update-check@1.5.2
174 silly idealTree ├── uri-js@4.2.2
174 silly idealTree ├── vary@1.1.2
174 silly idealTree ├── which@1.3.1
174 silly idealTree ├── widest-line@2.0.1
174 silly idealTree └── yallist@2.1.2
175 silly generateActionsToTake Starting
176 silly install generateActionsToTake
177 warn checkPermissions Missing write access to /home/infotmt-user/node_modules
178 silly rollbackFailedOptional Starting
179 silly rollbackFailedOptional Finishing
180 silly runTopLevelLifecycles Starting
181 silly runTopLevelLifecycles Finishing
182 silly install printInstalled
183 warn enoent ENOENT: no such file or directory, open '/home/infotmt-user/package.json'
184 warn infotmt-user No description
185 warn infotmt-user No repository field.
186 warn infotmt-user No README data
187 warn infotmt-user No license field.
188 verbose stack Error: EACCES: permission denied, access '/home/infotmt-user/node_modules'
189 verbose cwd /home/infotmt-user/WebstormProjects/restconnect
190 error Linux 4.15.0-45-generic
191 error argv "/usr/bin/node" "/usr/bin/npm" "install" "axios"
192 error node v8.10.0
193 error npm  v3.5.2
194 error path /home/infotmt-user/node_modules
195 error code EACCES
196 error errno -13
197 error syscall access
198 error Error: EACCES: permission denied, access '/home/infotmt-user/node_modules'
198 error  { Error: EACCES: permission denied, access '/home/infotmt-user/node_modules'
198 error   errno: -13,
198 error   code: 'EACCES',
198 error   syscall: 'access',
198 error   path: '/home/infotmt-user/node_modules' }
199 error Please try running this command again as root/Administrator.
200 verbose exit [ -13, true ]
